e32:TCP send failed.\nwrite: socket: WSAECONNRESET\n
e32:TCP receive failed.\nread: socket: WSAECONNRESET\n
e32:TCP send failed.\nwrite: socket: WSAECONNRESET\n
e32:TCP receive failed.\nread: socket: WSAECONNRESET\n
e32:TCP receive failed.\nread: socket: WSAECONNRESET\n
p1:-1 1 Change 56021 created with 166 open file(s).
p1:-1 1 Submitting change 56021.
p1:-1 1 Locking 166 files ...
p1:-1 1 add //202330_40/422_202340/LP/PID Controllers/Assets/Materials/Floor.mat#1
p1:-1 1 add //202330_40/422_202340/LP/PID Controllers/Assets/Materials/Floor.mat.meta#1
p1:-1 1 add //202330_40/422_202340/LP/PID Controllers/Assets/Materials/Trigger.meta#1
p1:-1 1 add //202330_40/422_202340/LP/PID Controllers/Assets/Materials/Trigger/TriggerZone.mat#1
p1:-1 1 add //202330_40/422_202340/LP/PID Controllers/Assets/Materials/Trigger/TriggerZone.mat.meta#1
p1:-1 1 add //202330_40/422_202340/LP/PID Controllers/Assets/New Terrain.asset#1
p1:-1 2 add //202330_40/422_202340/LP/PID Controllers/Assets/New Terrain.asset.meta#1
p1:-1 2 add //202330_40/422_202340/LP/PID Controllers/Assets/NewLayer.terrainlayer#1
p1:-1 2 add //202330_40/422_202340/LP/PID Controllers/Assets/NewLayer.terrainlayer.meta#1
p1:-1 2 add //202330_40/422_202340/LP/PID Controllers/Assets/Prefabs/EarlyPrototypes.meta#1
p1:-1 2 move/add //202330_40/422_202340/LP/PID Controllers/Assets/Prefabs/EarlyPrototypes/MoverOne.prefab#1
p1:-1 2 move/add //202330_40/422_202340/LP/PID Controllers/Assets/Prefabs/EarlyPrototypes/MoverOne.prefab.meta#1
p1:-1 2 move/add //202330_40/422_202340/LP/PID Controllers/Assets/Prefabs/EarlyPrototypes/MoverThree.prefab#1
p1:-1 2 move/add //202330_40/422_202340/LP/PID Controllers/Assets/Prefabs/EarlyPrototypes/MoverThree.prefab.meta#1
p1:-1 2 move/add //202330_40/422_202340/LP/PID Controllers/Assets/Prefabs/EarlyPrototypes/MoverTwo.prefab#1
p1:-1 2 move/add //202330_40/422_202340/LP/PID Controllers/Assets/Prefabs/EarlyPrototypes/MoverTwo.prefab.meta#1
p1:-1 2 move/add //202330_40/422_202340/LP/PID Controllers/Assets/Prefabs/EarlyPrototypes/MoverXYZ.prefab#1
p1:-1 2 move/add //202330_40/422_202340/LP/PID Controllers/Assets/Prefabs/EarlyPrototypes/MoverXYZ.prefab.meta#1
p1:-1 2 move/add //202330_40/422_202340/LP/PID Controllers/Assets/Prefabs/EarlyPrototypes/MRXYZ.prefab#1
p1:-1 2 move/add //202330_40/422_202340/LP/PID Controllers/Assets/Prefabs/EarlyPrototypes/MRXYZ.prefab.meta#1
p1:-1 2 move/add //202330_40/422_202340/LP/PID Controllers/Assets/Prefabs/EarlyPrototypes/RotaterXYZ.prefab#1
p1:-1 2 move/add //202330_40/422_202340/LP/PID Controllers/Assets/Prefabs/EarlyPrototypes/RotaterXYZ.prefab.meta#1
p1:-1 2 move/add //202330_40/422_202340/LP/PID Controllers/Assets/Prefabs/EarlyPrototypes/RotateX.prefab#1
p1:-1 2 move/add //202330_40/422_202340/LP/PID Controllers/Assets/Prefabs/EarlyPrototypes/RotateX.prefab.meta#1
p1:-1 2 move/add //202330_40/422_202340/LP/PID Controllers/Assets/Prefabs/EarlyPrototypes/RotateY.prefab#1
p1:-1 2 move/add //202330_40/422_202340/LP/PID Controllers/Assets/Prefabs/EarlyPrototypes/RotateY.prefab.meta#1
p1:-1 2 move/add //202330_40/422_202340/LP/PID Controllers/Assets/Prefabs/EarlyPrototypes/RotateZ.prefab#1
p1:-1 2 move/add //202330_40/422_202340/LP/PID Controllers/Assets/Prefabs/EarlyPrototypes/RotateZ.prefab.meta#1
p1:-1 2 add //202330_40/422_202340/LP/PID Controllers/Assets/Prefabs/EndPrototypes.meta#1
p1:-1 2 add //202330_40/422_202340/LP/PID Controllers/Assets/Prefabs/EndPrototypes/AutoFollower.prefab#1
p1:-1 2 add //202330_40/422_202340/LP/PID Controllers/Assets/Prefabs/EndPrototypes/AutoFollower.prefab.meta#1
p1:-1 2 add //202330_40/422_202340/LP/PID Controllers/Assets/Prefabs/EndPrototypes/AutoTargeter.prefab#1
p1:-1 2 add //202330_40/422_202340/LP/PID Controllers/Assets/Prefabs/EndPrototypes/AutoTargeter.prefab.meta#1
p1:-1 2 add //202330_40/422_202340/LP/PID Controllers/Assets/Prefabs/EndPrototypes/ComboMover.prefab#1
p1:-1 2 add //202330_40/422_202340/LP/PID Controllers/Assets/Prefabs/EndPrototypes/ComboMover.prefab.meta#1
p1:-1 2 add //202330_40/422_202340/LP/PID Controllers/Assets/Prefabs/EndPrototypes/TerrainNavigator.prefab#1
p1:-1 2 add //202330_40/422_202340/LP/PID Controllers/Assets/Prefabs/EndPrototypes/TerrainNavigator.prefab.meta#1
p1:-1 2 add //202330_40/422_202340/LP/PID Controllers/Assets/Prefabs/Final_Tests.meta#1
p1:-1 2 move/delete //202330_40/422_202340/LP/PID Controllers/Assets/Prefabs/MoverOne.prefab#3
p1:-1 2 move/delete //202330_40/422_202340/LP/PID Controllers/Assets/Prefabs/MoverOne.prefab.meta#2
p1:-1 2 move/delete //202330_40/422_202340/LP/PID Controllers/Assets/Prefabs/MoverThree.prefab#3
p1:-1 2 move/delete //202330_40/422_202340/LP/PID Controllers/Assets/Prefabs/MoverThree.prefab.meta#2
p1:-1 2 move/delete //202330_40/422_202340/LP/PID Controllers/Assets/Prefabs/MoverTwo.prefab#3
p1:-1 2 move/delete //202330_40/422_202340/LP/PID Controllers/Assets/Prefabs/MoverTwo.prefab.meta#2
p1:-1 2 move/delete //202330_40/422_202340/LP/PID Controllers/Assets/Prefabs/MoverXYZ.prefab#2
p1:-1 2 move/delete //202330_40/422_202340/LP/PID Controllers/Assets/Prefabs/MoverXYZ.prefab.meta#2
p1:-1 2 move/delete //202330_40/422_202340/LP/PID Controllers/Assets/Prefabs/MRXYZ.prefab#2
p1:-1 2 move/delete //202330_40/422_202340/LP/PID Controllers/Assets/Prefabs/MRXYZ.prefab.meta#2
p1:-1 2 add //202330_40/422_202340/LP/PID Controllers/Assets/Prefabs/Player.prefab#1
p1:-1 2 add //202330_40/422_202340/LP/PID Controllers/Assets/Prefabs/Player.prefab.meta#1
p1:-1 2 move/delete //202330_40/422_202340/LP/PID Controllers/Assets/Prefabs/RotaterXYZ.prefab#2
p1:-1 2 move/delete //202330_40/422_202340/LP/PID Controllers/Assets/Prefabs/RotaterXYZ.prefab.meta#2
p1:-1 2 move/delete //202330_40/422_202340/LP/PID Controllers/Assets/Prefabs/RotateX.prefab#2
p1:-1 2 move/delete //202330_40/422_202340/LP/PID Controllers/Assets/Prefabs/RotateX.prefab.meta#2
p1:-1 2 move/delete //202330_40/422_202340/LP/PID Controllers/Assets/Prefabs/RotateY.prefab#2
p1:-1 2 move/delete //202330_40/422_202340/LP/PID Controllers/Assets/Prefabs/RotateY.prefab.meta#2
p1:-1 2 move/delete //202330_40/422_202340/LP/PID Controllers/Assets/Prefabs/RotateZ.prefab#2
p1:-1 2 move/delete //202330_40/422_202340/LP/PID Controllers/Assets/Prefabs/RotateZ.prefab.meta#2
p1:-1 2 edit //202330_40/422_202340/LP/PID Controllers/Assets/Scenes/Input Based PID Testing.unity#3
p1:-1 2 edit //202330_40/422_202340/LP/PID Controllers/Assets/Scenes/MainTest.unity#5
p1:-1 2 add //202330_40/422_202340/LP/PID Controllers/Assets/Scenes/Showcase.unity#1
p1:-1 2 add //202330_40/422_202340/LP/PID Controllers/Assets/Scenes/Showcase.unity.meta#1
p1:-1 2 edit //202330_40/422_202340/LP/PID Controllers/Assets/Scripts/AutoFollower.cs#2
p1:-1 2 edit //202330_40/422_202340/LP/PID Controllers/Assets/Scripts/AutoFollower.cs.meta#2
p1:-1 2 edit //202330_40/422_202340/LP/PID Controllers/Assets/Scripts/AutoTargeter.cs#2
p1:-1 2 edit //202330_40/422_202340/LP/PID Controllers/Assets/Scripts/AutoTargeter.cs.meta#2
p1:-1 2 edit //202330_40/422_202340/LP/PID Controllers/Assets/Scripts/CarController.cs#2
p1:-1 2 edit //202330_40/422_202340/LP/PID Controllers/Assets/Scripts/CarController.cs.meta#2
p1:-1 2 add //202330_40/422_202340/LP/PID Controllers/Assets/Scripts/ComboFloater.cs#1
p1:-1 2 add //202330_40/422_202340/LP/PID Controllers/Assets/Scripts/ComboFloater.cs.meta#1
p1:-1 2 add //202330_40/422_202340/LP/PID Controllers/Assets/Scripts/ComboPID.cs#1
p1:-1 2 add //202330_40/422_202340/LP/PID Controllers/Assets/Scripts/ComboPID.cs.meta#1
p1:-1 2 edit //202330_40/422_202340/LP/PID Controllers/Assets/Scripts/Floater.cs#5
p1:-1 2 edit //202330_40/422_202340/LP/PID Controllers/Assets/Scripts/Floater.cs.meta#5
p1:-1 2 add //202330_40/422_202340/LP/PID Controllers/Assets/Scripts/PIDEditor.cs#1
p1:-1 2 add //202330_40/422_202340/LP/PID Controllers/Assets/Scripts/PIDEditor.cs.meta#1
p1:-1 2 edit //202330_40/422_202340/LP/PID Controllers/Assets/Scripts/PlayerController.cs#7
p1:-1 2 edit //202330_40/422_202340/LP/PID Controllers/Assets/Scripts/PlayerController.cs.meta#7
p1:-1 2 edit //202330_40/422_202340/LP/PID Controllers/Assets/Scripts/SimplePID.cs#7
p1:-1 2 edit //202330_40/422_202340/LP/PID Controllers/Assets/Scripts/SimplePID.cs.meta#7
p1:-1 2 add //202330_40/422_202340/LP/PID Controllers/Assets/Scripts/SpotSwap.cs#1
p1:-1 2 add //202330_40/422_202340/LP/PID Controllers/Assets/Scripts/SpotSwap.cs.meta#1
p1:-1 2 add //202330_40/422_202340/LP/PID Controllers/Assets/Scripts/SteeringClampedPID.cs#1
p1:-1 2 add //202330_40/422_202340/LP/PID Controllers/Assets/Scripts/SteeringClampedPID.cs.meta#1
p1:-1 2 edit //202330_40/422_202340/LP/PID Controllers/Assets/Scripts/TerrainAutoLeveling.cs#2
p1:-1 2 edit //202330_40/422_202340/LP/PID Controllers/Assets/Scripts/TerrainAutoLeveling.cs.meta#2
p1:-1 2 add //202330_40/422_202340/LP/PID Controllers/Assets/Scripts/Utility.meta#1
p1:-1 2 add //202330_40/422_202340/LP/PID Controllers/Assets/Scripts/Utility/BillboardToLocalCamera.cs#1
p1:-1 2 add //202330_40/422_202340/LP/PID Controllers/Assets/Scripts/Utility/BillboardToLocalCamera.cs.meta#1
p1:-1 2 add //202330_40/422_202340/LP/PID Controllers/Assets/TextMesh Pro.meta#1
p1:-1 2 add //202330_40/422_202340/LP/PID Controllers/Assets/TextMesh Pro/Documentation.meta#1
p1:-1 2 add //202330_40/422_202340/LP/PID Controllers/Assets/TextMesh Pro/Documentation/TextMesh Pro User Guide 2016.pdf#1
p1:-1 3 add //202330_40/422_202340/LP/PID Controllers/Assets/TextMesh Pro/Documentation/TextMesh Pro User Guide 2016.pdf.meta#1
p1:-1 3 add //202330_40/422_202340/LP/PID Controllers/Assets/TextMesh Pro/Fonts.meta#1
p1:-1 3 add //202330_40/422_202340/LP/PID Controllers/Assets/TextMesh Pro/Fonts/LiberationSans - OFL.txt#1
p1:-1 3 add //202330_40/422_202340/LP/PID Controllers/Assets/TextMesh Pro/Fonts/LiberationSans - OFL.txt.meta#1
p1:-1 3 add //202330_40/422_202340/LP/PID Controllers/Assets/TextMesh Pro/Fonts/LiberationSans.ttf#1
p1:-1 3 add //202330_40/422_202340/LP/PID Controllers/Assets/TextMesh Pro/Fonts/LiberationSans.ttf.meta#1
p1:-1 3 add //202330_40/422_202340/LP/PID Controllers/Assets/TextMesh Pro/Resources.meta#1
p1:-1 3 add //202330_40/422_202340/LP/PID Controllers/Assets/TextMesh Pro/Resources/Fonts & Materials.meta#1
p1:-1 3 add //202330_40/422_202340/LP/PID Controllers/Assets/TextMesh Pro/Resources/Fonts & Materials/LiberationSans SDF - Drop Shadow.mat#1
p1:-1 3 add //202330_40/422_202340/LP/PID Controllers/Assets/TextMesh Pro/Resources/Fonts & Materials/LiberationSans SDF - Drop Shadow.mat.meta#1
p1:-1 3 add //202330_40/422_202340/LP/PID Controllers/Assets/TextMesh Pro/Resources/Fonts & Materials/LiberationSans SDF - Fallback.asset#1
p1:-1 3 add //202330_40/422_202340/LP/PID Controllers/Assets/TextMesh Pro/Resources/Fonts & Materials/LiberationSans SDF - Fallback.asset.meta#1
p1:-1 3 add //202330_40/422_202340/LP/PID Controllers/Assets/TextMesh Pro/Resources/Fonts & Materials/LiberationSans SDF - Outline.mat#1
p1:-1 3 add //202330_40/422_202340/LP/PID Controllers/Assets/TextMesh Pro/Resources/Fonts & Materials/LiberationSans SDF - Outline.mat.meta#1
p1:-1 3 add //202330_40/422_202340/LP/PID Controllers/Assets/TextMesh Pro/Resources/Fonts & Materials/LiberationSans SDF.asset#1
p1:-1 5 add //202330_40/422_202340/LP/PID Controllers/Assets/TextMesh Pro/Resources/Fonts & Materials/LiberationSans SDF.asset.meta#1
p1:-1 5 add //202330_40/422_202340/LP/PID Controllers/Assets/TextMesh Pro/Resources/LineBreaking Following Characters.txt#1
p1:-1 5 add //202330_40/422_202340/LP/PID Controllers/Assets/TextMesh Pro/Resources/LineBreaking Following Characters.txt.meta#1
p1:-1 5 add //202330_40/422_202340/LP/PID Controllers/Assets/TextMesh Pro/Resources/LineBreaking Leading Characters.txt#1
p1:-1 5 add //202330_40/422_202340/LP/PID Controllers/Assets/TextMesh Pro/Resources/LineBreaking Leading Characters.txt.meta#1
p1:-1 5 add //202330_40/422_202340/LP/PID Controllers/Assets/TextMesh Pro/Resources/Sprite Assets.meta#1
p1:-1 5 add //202330_40/422_202340/LP/PID Controllers/Assets/TextMesh Pro/Resources/Sprite Assets/EmojiOne.asset#1
p1:-1 5 add //202330_40/422_202340/LP/PID Controllers/Assets/TextMesh Pro/Resources/Sprite Assets/EmojiOne.asset.meta#1
p1:-1 5 add //202330_40/422_202340/LP/PID Controllers/Assets/TextMesh Pro/Resources/Style Sheets.meta#1
p1:-1 5 add //202330_40/422_202340/LP/PID Controllers/Assets/TextMesh Pro/Resources/Style Sheets/Default Style Sheet.asset#1
p1:-1 5 add //202330_40/422_202340/LP/PID Controllers/Assets/TextMesh Pro/Resources/Style Sheets/Default Style Sheet.asset.meta#1
p1:-1 5 add //202330_40/422_202340/LP/PID Controllers/Assets/TextMesh Pro/Resources/TMP Settings.asset#1
p1:-1 5 add //202330_40/422_202340/LP/PID Controllers/Assets/TextMesh Pro/Resources/TMP Settings.asset.meta#1
p1:-1 5 add //202330_40/422_202340/LP/PID Controllers/Assets/TextMesh Pro/Shaders.meta#1
p1:-1 5 add //202330_40/422_202340/LP/PID Controllers/Assets/TextMesh Pro/Shaders/TMP_Bitmap-Custom-Atlas.shader#1
p1:-1 5 add //202330_40/422_202340/LP/PID Controllers/Assets/TextMesh Pro/Shaders/TMP_Bitmap-Custom-Atlas.shader.meta#1
p1:-1 5 add //202330_40/422_202340/LP/PID Controllers/Assets/TextMesh Pro/Shaders/TMP_Bitmap-Mobile.shader#1
p1:-1 5 add //202330_40/422_202340/LP/PID Controllers/Assets/TextMesh Pro/Shaders/TMP_Bitmap-Mobile.shader.meta#1
p1:-1 5 add //202330_40/422_202340/LP/PID Controllers/Assets/TextMesh Pro/Shaders/TMP_Bitmap.shader#1
p1:-1 5 add //202330_40/422_202340/LP/PID Controllers/Assets/TextMesh Pro/Shaders/TMP_Bitmap.shader.meta#1
p1:-1 5 add //202330_40/422_202340/LP/PID Controllers/Assets/TextMesh Pro/Shaders/TMP_SDF Overlay.shader#1
p1:-1 5 add //202330_40/422_202340/LP/PID Controllers/Assets/TextMesh Pro/Shaders/TMP_SDF Overlay.shader.meta#1
p1:-1 5 add //202330_40/422_202340/LP/PID Controllers/Assets/TextMesh Pro/Shaders/TMP_SDF SSD.shader#1
p1:-1 5 add //202330_40/422_202340/LP/PID Controllers/Assets/TextMesh Pro/Shaders/TMP_SDF SSD.shader.meta#1
p1:-1 5 add //202330_40/422_202340/LP/PID Controllers/Assets/TextMesh Pro/Shaders/TMP_SDF-Mobile Masking.shader#1
p1:-1 5 add //202330_40/422_202340/LP/PID Controllers/Assets/TextMesh Pro/Shaders/TMP_SDF-Mobile Masking.shader.meta#1
p1:-1 5 add //202330_40/422_202340/LP/PID Controllers/Assets/TextMesh Pro/Shaders/TMP_SDF-Mobile Overlay.shader#1
p1:-1 5 add //202330_40/422_202340/LP/PID Controllers/Assets/TextMesh Pro/Shaders/TMP_SDF-Mobile Overlay.shader.meta#1
p1:-1 5 add //202330_40/422_202340/LP/PID Controllers/Assets/TextMesh Pro/Shaders/TMP_SDF-Mobile SSD.shader#1
p1:-1 5 add //202330_40/422_202340/LP/PID Controllers/Assets/TextMesh Pro/Shaders/TMP_SDF-Mobile SSD.shader.meta#1
p1:-1 5 add //202330_40/422_202340/LP/PID Controllers/Assets/TextMesh Pro/Shaders/TMP_SDF-Mobile.shader#1
p1:-1 5 add //202330_40/422_202340/LP/PID Controllers/Assets/TextMesh Pro/Shaders/TMP_SDF-Mobile.shader.meta#1
p1:-1 5 add //202330_40/422_202340/LP/PID Controllers/Assets/TextMesh Pro/Shaders/TMP_SDF-Surface-Mobile.shader#1
p1:-1 5 add //202330_40/422_202340/LP/PID Controllers/Assets/TextMesh Pro/Shaders/TMP_SDF-Surface-Mobile.shader.meta#1
p1:-1 5 add //202330_40/422_202340/LP/PID Controllers/Assets/TextMesh Pro/Shaders/TMP_SDF-Surface.shader#1
p1:-1 5 add //202330_40/422_202340/LP/PID Controllers/Assets/TextMesh Pro/Shaders/TMP_SDF-Surface.shader.meta#1
p1:-1 5 add //202330_40/422_202340/LP/PID Controllers/Assets/TextMesh Pro/Shaders/TMP_SDF.shader#1
p1:-1 5 add //202330_40/422_202340/LP/PID Controllers/Assets/TextMesh Pro/Shaders/TMP_SDF.shader.meta#1
p1:-1 5 add //202330_40/422_202340/LP/PID Controllers/Assets/TextMesh Pro/Shaders/TMP_Sprite.shader#1
p1:-1 5 add //202330_40/422_202340/LP/PID Controllers/Assets/TextMesh Pro/Shaders/TMP_Sprite.shader.meta#1
p1:-1 5 add //202330_40/422_202340/LP/PID Controllers/Assets/TextMesh Pro/Shaders/TMPro.cginc#1
p1:-1 5 add //202330_40/422_202340/LP/PID Controllers/Assets/TextMesh Pro/Shaders/TMPro.cginc.meta#1
p1:-1 5 add //202330_40/422_202340/LP/PID Controllers/Assets/TextMesh Pro/Shaders/TMPro_Mobile.cginc#1
p1:-1 5 add //202330_40/422_202340/LP/PID Controllers/Assets/TextMesh Pro/Shaders/TMPro_Mobile.cginc.meta#1
p1:-1 5 add //202330_40/422_202340/LP/PID Controllers/Assets/TextMesh Pro/Shaders/TMPro_Properties.cginc#1
p1:-1 5 add //202330_40/422_202340/LP/PID Controllers/Assets/TextMesh Pro/Shaders/TMPro_Properties.cginc.meta#1
p1:-1 5 add //202330_40/422_202340/LP/PID Controllers/Assets/TextMesh Pro/Shaders/TMPro_Surface.cginc#1
p1:-1 5 add //202330_40/422_202340/LP/PID Controllers/Assets/TextMesh Pro/Shaders/TMPro_Surface.cginc.meta#1
p1:-1 5 add //202330_40/422_202340/LP/PID Controllers/Assets/TextMesh Pro/Sprites.meta#1
p1:-1 5 add //202330_40/422_202340/LP/PID Controllers/Assets/TextMesh Pro/Sprites/EmojiOne Attribution.txt#1
p1:-1 5 add //202330_40/422_202340/LP/PID Controllers/Assets/TextMesh Pro/Sprites/EmojiOne Attribution.txt.meta#1
p1:-1 5 add //202330_40/422_202340/LP/PID Controllers/Assets/TextMesh Pro/Sprites/EmojiOne.json#1
p1:-1 5 add //202330_40/422_202340/LP/PID Controllers/Assets/TextMesh Pro/Sprites/EmojiOne.json.meta#1
p1:-1 5 add //202330_40/422_202340/LP/PID Controllers/Assets/TextMesh Pro/Sprites/EmojiOne.png#1
p1:-1 5 add //202330_40/422_202340/LP/PID Controllers/Assets/TextMesh Pro/Sprites/EmojiOne.png.meta#1
p1:-1 5 edit //202330_40/422_202340/LP/PID Controllers/Packages/manifest.json#2
p1:-1 5 edit //202330_40/422_202340/LP/PID Controllers/Packages/packages-lock.json#2
p1:-1 5 edit //202330_40/422_202340/LP/PID Controllers/ProjectSettings/EditorBuildSettings.asset#2
p1:-1 5 edit //202330_40/422_202340/LP/PID Controllers/ProjectSettings/ProjectSettings.asset#2
p1:-1 7 Change 56021 submitted.
